<?xml version="1.0" encoding="UTF-8"?>
<testng-results skipped="0" failed="0" ignored="0" total="1" passed="1">
  <reporter-output>
  </reporter-output>
  <suite name="Default suite" duration-ms="69436" started-at="2020-05-31T10:23:18Z" finished-at="2020-05-31T10:24:28Z">
    <groups>
    </groups>
    <test name="Default test" duration-ms="69436" started-at="2020-05-31T10:23:18Z" finished-at="2020-05-31T10:24:28Z">
      <class name="test.ClientsTest">
        <test-method status="PASS" signature="setup()[pri:0, instance:test.ClientsTest@7cd62f43]" name="setup" is-config="true" duration-ms="29796" started-at="2020-05-31T10:23:18Z" finished-at="2020-05-31T10:23:48Z">
          <reporter-output>
          </reporter-output>
        </test-method> <!-- setup -->
        <test-method status="PASS" signature="verifyClient()[pri:0, instance:test.ClientsTest@7cd62f43]" name="verifyClient" duration-ms="39603" started-at="2020-05-31T10:23:48Z" finished-at="2020-05-31T10:24:28Z">
          <reporter-output>
          </reporter-output>
        </test-method> <!-- verifyClient -->
        <test-method status="PASS" signature="afterClass()[pri:0, instance:test.ClientsTest@7cd62f43]" name="afterClass" is-config="true" duration-ms="0" started-at="2020-05-31T10:24:28Z" finished-at="2020-05-31T10:24:28Z">
          <reporter-output>
          </reporter-output>
        </test-method> <!-- afterClass -->
      </class> <!-- test.ClientsTest -->
    </test> <!-- Default test -->
  </suite> <!-- Default suite -->
</testng-results>
